C:\ADOCUMENTS\LIBRARY\CLAPEYRON_IND\SPEECH REC\POCKETSPHINXLIB\POCKETSPHINXCLEARBUILDING\SPEECHRECCLEAR\DEBUG\AC_MOD.OBJ
C:\ADOCUMENTS\LIBRARY\CLAPEYRON_IND\SPEECH REC\POCKETSPHINXLIB\POCKETSPHINXCLEARBUILDING\SPEECHRECCLEAR\DEBUG\DECODER.OBJ
C:\ADOCUMENTS\LIBRARY\CLAPEYRON_IND\SPEECH REC\POCKETSPHINXLIB\POCKETSPHINXCLEARBUILDING\SPEECHRECCLEAR\DEBUG\ERR.OBJ
C:\ADOCUMENTS\LIBRARY\CLAPEYRON_IND\SPEECH REC\POCKETSPHINXLIB\POCKETSPHINXCLEARBUILDING\SPEECHRECCLEAR\DEBUG\LOGGED_ALLOC.OBJ
C:\ADOCUMENTS\LIBRARY\CLAPEYRON_IND\SPEECH REC\POCKETSPHINXLIB\POCKETSPHINXCLEARBUILDING\SPEECHRECCLEAR\DEBUG\MAIN.OBJ
C:\ADOCUMENTS\LIBRARY\CLAPEYRON_IND\SPEECH REC\POCKETSPHINXLIB\POCKETSPHINXCLEARBUILDING\SPEECHRECCLEAR\DEBUG\STR_FUNCS.OBJ
C:\ADOCUMENTS\LIBRARY\CLAPEYRON_IND\SPEECH REC\POCKETSPHINXLIB\POCKETSPHINXCLEARBUILDING\SPEECHRECCLEAR\DEBUG\WAV_REC.OBJ
C:\ADOCUMENTS\LIBRARY\CLAPEYRON_IND\SPEECH REC\POCKETSPHINXLIB\POCKETSPHINXCLEARBUILDING\SPEECHRECCLEAR\DEBUG\VC110.PDB
C:\ADOCUMENTS\LIBRARY\CLAPEYRON_IND\SPEECH REC\POCKETSPHINXLIB\POCKETSPHINXCLEARBUILDING\SPEECHRECCLEAR\DEBUG\FE_PRESPCH_BUF.OBJ
C:\ADOCUMENTS\LIBRARY\CLAPEYRON_IND\SPEECH REC\POCKETSPHINXLIB\POCKETSPHINXCLEARBUILDING\SPEECHRECCLEAR\DEBUG\GEN_RAND.OBJ
C:\ADOCUMENTS\LIBRARY\CLAPEYRON_IND\SPEECH REC\POCKETSPHINXLIB\POCKETSPHINXCLEARBUILDING\DEBUG\SPEECHRECCLEAR.ILK
C:\ADOCUMENTS\LIBRARY\CLAPEYRON_IND\SPEECH REC\POCKETSPHINXLIB\POCKETSPHINXCLEARBUILDING\DEBUG\SPEECHRECCLEAR.EXE
C:\ADOCUMENTS\LIBRARY\CLAPEYRON_IND\SPEECH REC\POCKETSPHINXLIB\POCKETSPHINXCLEARBUILDING\DEBUG\SPEECHRECCLEAR.PDB
C:\Adocuments\Library\Clapeyron_ind\speech rec\pocketsphinxlib\PocketsphinxClearBuilding\SpeechRecClear\Debug\ac_mod.obj
C:\Adocuments\Library\Clapeyron_ind\speech rec\pocketsphinxlib\PocketsphinxClearBuilding\SpeechRecClear\Debug\decoder.obj
C:\Adocuments\Library\Clapeyron_ind\speech rec\pocketsphinxlib\PocketsphinxClearBuilding\SpeechRecClear\Debug\err.obj
C:\Adocuments\Library\Clapeyron_ind\speech rec\pocketsphinxlib\PocketsphinxClearBuilding\SpeechRecClear\Debug\fe_prespch_buf.obj
C:\Adocuments\Library\Clapeyron_ind\speech rec\pocketsphinxlib\PocketsphinxClearBuilding\SpeechRecClear\Debug\gen_rand.obj
C:\Adocuments\Library\Clapeyron_ind\speech rec\pocketsphinxlib\PocketsphinxClearBuilding\SpeechRecClear\Debug\logged_alloc.obj
C:\Adocuments\Library\Clapeyron_ind\speech rec\pocketsphinxlib\PocketsphinxClearBuilding\SpeechRecClear\Debug\main.obj
C:\Adocuments\Library\Clapeyron_ind\speech rec\pocketsphinxlib\PocketsphinxClearBuilding\SpeechRecClear\Debug\str_funcs.obj
C:\Adocuments\Library\Clapeyron_ind\speech rec\pocketsphinxlib\PocketsphinxClearBuilding\SpeechRecClear\Debug\wav_rec.obj
C:\Adocuments\Library\Clapeyron_ind\speech rec\pocketsphinxlib\PocketsphinxClearBuilding\SpeechRecClear\Debug\cl.command.1.tlog
C:\Adocuments\Library\Clapeyron_ind\speech rec\pocketsphinxlib\PocketsphinxClearBuilding\SpeechRecClear\Debug\CL.read.1.tlog
C:\Adocuments\Library\Clapeyron_ind\speech rec\pocketsphinxlib\PocketsphinxClearBuilding\SpeechRecClear\Debug\CL.write.1.tlog
C:\Adocuments\Library\Clapeyron_ind\speech rec\pocketsphinxlib\PocketsphinxClearBuilding\SpeechRecClear\Debug\link-cvtres.read.1.tlog
C:\Adocuments\Library\Clapeyron_ind\speech rec\pocketsphinxlib\PocketsphinxClearBuilding\SpeechRecClear\Debug\link-cvtres.write.1.tlog
C:\Adocuments\Library\Clapeyron_ind\speech rec\pocketsphinxlib\PocketsphinxClearBuilding\SpeechRecClear\Debug\link-rc.read.1.tlog
C:\Adocuments\Library\Clapeyron_ind\speech rec\pocketsphinxlib\PocketsphinxClearBuilding\SpeechRecClear\Debug\link-rc.write.1.tlog
C:\Adocuments\Library\Clapeyron_ind\speech rec\pocketsphinxlib\PocketsphinxClearBuilding\SpeechRecClear\Debug\link.command.1.tlog
C:\Adocuments\Library\Clapeyron_ind\speech rec\pocketsphinxlib\PocketsphinxClearBuilding\SpeechRecClear\Debug\link.read.1.tlog
C:\Adocuments\Library\Clapeyron_ind\speech rec\pocketsphinxlib\PocketsphinxClearBuilding\SpeechRecClear\Debug\link.write.1.tlog
C:\Adocuments\Library\Clapeyron_ind\speech rec\pocketsphinxlib\PocketsphinxClearBuilding\SpeechRecClear\Debug\vc110.idb
C:\Adocuments\Library\Clapeyron_ind\speech rec\pocketsphinxlib\PocketsphinxClearBuilding\SpeechRecClear\Debug\vc110.pdb
C:\Adocuments\Library\Clapeyron_ind\speech rec\pocketsphinxlib\PocketsphinxClearBuilding\Debug\SpeechRecClear.pdb
C:\Adocuments\Library\Clapeyron_ind\speech rec\pocketsphinxlib\PocketsphinxClearBuilding\Debug\SpeechRecClear.exe
C:\Adocuments\Library\Clapeyron_ind\speech rec\pocketsphinxlib\PocketsphinxClearBuilding\Debug\SpeechRecClear.ilk
