Build started 06.09.2018 12:53:58.
     1>Project "C:\Adocuments\Library\Clapeyron_ind\speech rec\pocketsphinxlib\PocketsphinxClearBuilding\SpeechRecClear\SpeechRecClear.vcxproj" on node 2 (Build target(s)).
     1>ClCompile:
         C:\Program Files (x86)\Microsoft Visual Studio 11.0\VC\bin\CL.exe /c /ZI /nologo /W3 /WX- /sdl /Od /Oy- /D _MBCS /D _MBCS /D _CRT_SECURE_NO_WARNINGS /Gm /EHsc /RTC1 /MDd /GS /fp:precise /Zc:wchar_t /Zc:forScope /Fo"Debug\\" /Fd"Debug\vc110.pdb" /Gd /TC /analyze- /errorReport:prompt ac_mod.c decoder.c
         decoder.c
     1>c:\adocuments\library\clapeyron_ind\speech rec\pocketsphinxlib\pocketsphinxclearbuilding\speechrecclear\decoder.c(33): warning C4101: 'rv' : unreferenced local variable
         ac_mod.c
     1>c:\adocuments\library\clapeyron_ind\speech rec\pocketsphinxlib\pocketsphinxclearbuilding\speechrecclear\ac_mod.c(14): warning C4102: 'error_out' : unreferenced label
     1>c:\adocuments\library\clapeyron_ind\speech rec\pocketsphinxlib\pocketsphinxclearbuilding\speechrecclear\ac_mod.c(49): warning C4013: 'acmod_write_senfh_header' undefined; assuming extern returning int
     1>c:\adocuments\library\clapeyron_ind\speech rec\pocketsphinxlib\pocketsphinxclearbuilding\speechrecclear\ac_mod.c(53): warning C4101: 'nsenstr' : unreferenced local variable
     1>c:\adocuments\library\clapeyron_ind\speech rec\pocketsphinxlib\pocketsphinxclearbuilding\speechrecclear\ac_mod.c(53): warning C4101: 'logbasestr' : unreferenced local variable
         Generating Code...
       Link:
         C:\Program Files (x86)\Microsoft Visual Studio 11.0\VC\bin\link.exe /ERRORREPORT:PROMPT /OUT:"C:\Adocuments\Library\Clapeyron_ind\speech rec\pocketsphinxlib\PocketsphinxClearBuilding\Debug\SpeechRecClear.exe" /INCREMENTAL /NOLOGO kernel32.lib user32.lib gdi32.lib winspool.lib comdlg32.lib advapi32.lib shell32.lib ole32.lib oleaut32.lib uuid.lib odbc32.lib odbccp32.lib /MANIFEST /MANIFESTUAC:"level='asInvoker' uiAccess='false'" /manifest:embed /DEBUG /PDB:"C:\Adocuments\Library\Clapeyron_ind\speech rec\pocketsphinxlib\PocketsphinxClearBuilding\Debug\SpeechRecClear.pdb" /TLBID:1 /DYNAMICBASE /NXCOMPAT /IMPLIB:"C:\Adocuments\Library\Clapeyron_ind\speech rec\pocketsphinxlib\PocketsphinxClearBuilding\Debug\SpeechRecClear.lib" /MACHINE:X86 Debug\ac_mod.obj
         Debug\decoder.obj
         Debug\err.obj
         Debug\logged_alloc.obj
         Debug\main.obj
         Debug\str_funcs.obj
         Debug\wav_rec.obj
         SpeechRecClear.vcxproj -> C:\Adocuments\Library\Clapeyron_ind\speech rec\pocketsphinxlib\PocketsphinxClearBuilding\Debug\SpeechRecClear.exe
     1>Done Building Project "C:\Adocuments\Library\Clapeyron_ind\speech rec\pocketsphinxlib\PocketsphinxClearBuilding\SpeechRecClear\SpeechRecClear.vcxproj" (Build target(s)).

Build succeeded.

Time Elapsed 00:00:00.78
